<?xml version="1.0" encoding="UTF-8"?>
<!-- Generated by org.testng.reporters.JUnitReportReporter -->
<testsuite hostname="DESKTOP-JIL93TC" failures="0" tests="1" name="test.ZenGoWebsiteTest" time="9.265" errors="0" timestamp="2022-04-13T13:51:52 IDT" skipped="0">
  <testcase classname="test.ZenGoWebsiteTest" name="zenGo" time="9.265"/>
  <system-out/>
</testsuite> <!-- test.ZenGoWebsiteTest -->
