<?xml version="1.0" encoding="UTF-8"?>
<!-- Generated by org.testng.reporters.JUnitReportReporter -->
<testsuite hostname="DESKTOP-JIL93TC" failures="0" tests="1" name="test.NewTest" time="8.087" errors="0" timestamp="2022-04-13T13:21:20 IDT" skipped="0">
  <testcase classname="test.NewTest" name="zenGo" time="8.087"/>
  <system-out/>
</testsuite> <!-- test.NewTest -->
